[0.010s] Invoking command in '/home/zouxx/MyData/ROS2_Moveit2_WS/build/my_robot_description': CMAKE_PREFIX_PATH=${CMAKE_PREFIX_PATH}:/opt/ros/jazzy DEBUGINFOD_URLS=https://debuginfod.ubuntu.com /usr/bin/cmake --build /home/zouxx/MyData/ROS2_Moveit2_WS/build/my_robot_description -- -j16 -l16
[0.051s] Invoked command in '/home/zouxx/MyData/ROS2_Moveit2_WS/build/my_robot_description' returned '0': CMAKE_PREFIX_PATH=${CMAKE_PREFIX_PATH}:/opt/ros/jazzy DEBUGINFOD_URLS=https://debuginfod.ubuntu.com /usr/bin/cmake --build /home/zouxx/MyData/ROS2_Moveit2_WS/build/my_robot_description -- -j16 -l16
[0.061s] Invoking command in '/home/zouxx/MyData/ROS2_Moveit2_WS/build/my_robot_description': CMAKE_PREFIX_PATH=${CMAKE_PREFIX_PATH}:/opt/ros/jazzy DEBUGINFOD_URLS=https://debuginfod.ubuntu.com /usr/bin/cmake --install /home/zouxx/MyData/ROS2_Moveit2_WS/build/my_robot_description
[0.069s] -- Install configuration: ""
[0.069s] -- Up-to-date: /home/zouxx/MyData/ROS2_Moveit2_WS/install/my_robot_description/share/my_robot_description/launch
[0.069s] -- Up-to-date: /home/zouxx/MyData/ROS2_Moveit2_WS/install/my_robot_description/share/my_robot_description/rviz
[0.069s] -- Up-to-date: /home/zouxx/MyData/ROS2_Moveit2_WS/install/my_robot_description/share/my_robot_description/urdf
[0.069s] -- Up-to-date: /home/zouxx/MyData/ROS2_Moveit2_WS/install/my_robot_description/share/my_robot_description/urdf/log
[0.069s] -- Up-to-date: /home/zouxx/MyData/ROS2_Moveit2_WS/install/my_robot_description/share/my_robot_description/urdf/log/latest
[0.069s] -- Up-to-date: /home/zouxx/MyData/ROS2_Moveit2_WS/install/my_robot_description/share/my_robot_description/urdf/log/COLCON_IGNORE
[0.070s] -- Up-to-date: /home/zouxx/MyData/ROS2_Moveit2_WS/install/my_robot_description/share/my_robot_description/urdf/log/latest_build
[0.070s] -- Up-to-date: /home/zouxx/MyData/ROS2_Moveit2_WS/install/my_robot_description/share/my_robot_description/urdf/log/build_2025-11-03_13-02-16
[0.070s] -- Up-to-date: /home/zouxx/MyData/ROS2_Moveit2_WS/install/my_robot_description/share/my_robot_description/urdf/log/build_2025-11-03_13-02-16/events.log
[0.070s] -- Up-to-date: /home/zouxx/MyData/ROS2_Moveit2_WS/install/my_robot_description/share/my_robot_description/urdf/log/build_2025-11-03_13-02-16/logger_all.log
[0.070s] -- Up-to-date: /home/zouxx/MyData/ROS2_Moveit2_WS/install/my_robot_description/share/my_robot_description/urdf/build
[0.070s] -- Up-to-date: /home/zouxx/MyData/ROS2_Moveit2_WS/install/my_robot_description/share/my_robot_description/urdf/build/COLCON_IGNORE
[0.070s] -- Up-to-date: /home/zouxx/MyData/ROS2_Moveit2_WS/install/my_robot_description/share/my_robot_description/urdf/build/.built_by
[0.070s] -- Installing: /home/zouxx/MyData/ROS2_Moveit2_WS/install/my_robot_description/share/my_robot_description/urdf/arm.urdf
[0.070s] -- Up-to-date: /home/zouxx/MyData/ROS2_Moveit2_WS/install/my_robot_description/share/my_robot_description/urdf/install
[0.070s] -- Up-to-date: /home/zouxx/MyData/ROS2_Moveit2_WS/install/my_robot_description/share/my_robot_description/urdf/install/setup.zsh
[0.070s] -- Up-to-date: /home/zouxx/MyData/ROS2_Moveit2_WS/install/my_robot_description/share/my_robot_description/urdf/install/_local_setup_util_ps1.py
[0.071s] -- Up-to-date: /home/zouxx/MyData/ROS2_Moveit2_WS/install/my_robot_description/share/my_robot_description/urdf/install/setup.bash
[0.071s] -- Up-to-date: /home/zouxx/MyData/ROS2_Moveit2_WS/install/my_robot_description/share/my_robot_description/urdf/install/COLCON_IGNORE
[0.071s] -- Up-to-date: /home/zouxx/MyData/ROS2_Moveit2_WS/install/my_robot_description/share/my_robot_description/urdf/install/_local_setup_util_sh.py
[0.071s] -- Up-to-date: /home/zouxx/MyData/ROS2_Moveit2_WS/install/my_robot_description/share/my_robot_description/urdf/install/setup.sh
[0.071s] -- Up-to-date: /home/zouxx/MyData/ROS2_Moveit2_WS/install/my_robot_description/share/my_robot_description/urdf/install/local_setup.bash
[0.071s] -- Up-to-date: /home/zouxx/MyData/ROS2_Moveit2_WS/install/my_robot_description/share/my_robot_description/urdf/install/.colcon_install_layout
[0.071s] -- Up-to-date: /home/zouxx/MyData/ROS2_Moveit2_WS/install/my_robot_description/share/my_robot_description/urdf/install/setup.ps1
[0.071s] -- Up-to-date: /home/zouxx/MyData/ROS2_Moveit2_WS/install/my_robot_description/share/my_robot_description/urdf/install/local_setup.ps1
[0.071s] -- Up-to-date: /home/zouxx/MyData/ROS2_Moveit2_WS/install/my_robot_description/share/my_robot_description/urdf/install/local_setup.zsh
[0.071s] -- Up-to-date: /home/zouxx/MyData/ROS2_Moveit2_WS/install/my_robot_description/share/my_robot_description/urdf/install/local_setup.sh
[0.071s] -- Up-to-date: /home/zouxx/MyData/ROS2_Moveit2_WS/install/my_robot_description/share/ament_index/resource_index/package_run_dependencies/my_robot_description
[0.071s] -- Up-to-date: /home/zouxx/MyData/ROS2_Moveit2_WS/install/my_robot_description/share/ament_index/resource_index/parent_prefix_path/my_robot_description
[0.071s] -- Up-to-date: /home/zouxx/MyData/ROS2_Moveit2_WS/install/my_robot_description/share/my_robot_description/environment/ament_prefix_path.sh
[0.071s] -- Up-to-date: /home/zouxx/MyData/ROS2_Moveit2_WS/install/my_robot_description/share/my_robot_description/environment/ament_prefix_path.dsv
[0.072s] -- Up-to-date: /home/zouxx/MyData/ROS2_Moveit2_WS/install/my_robot_description/share/my_robot_description/environment/path.sh
[0.072s] -- Up-to-date: /home/zouxx/MyData/ROS2_Moveit2_WS/install/my_robot_description/share/my_robot_description/environment/path.dsv
[0.072s] -- Up-to-date: /home/zouxx/MyData/ROS2_Moveit2_WS/install/my_robot_description/share/my_robot_description/local_setup.bash
[0.072s] -- Up-to-date: /home/zouxx/MyData/ROS2_Moveit2_WS/install/my_robot_description/share/my_robot_description/local_setup.sh
[0.072s] -- Up-to-date: /home/zouxx/MyData/ROS2_Moveit2_WS/install/my_robot_description/share/my_robot_description/local_setup.zsh
[0.072s] -- Up-to-date: /home/zouxx/MyData/ROS2_Moveit2_WS/install/my_robot_description/share/my_robot_description/local_setup.dsv
[0.072s] -- Installing: /home/zouxx/MyData/ROS2_Moveit2_WS/install/my_robot_description/share/my_robot_description/package.dsv
[0.072s] -- Up-to-date: /home/zouxx/MyData/ROS2_Moveit2_WS/install/my_robot_description/share/ament_index/resource_index/packages/my_robot_description
[0.072s] -- Up-to-date: /home/zouxx/MyData/ROS2_Moveit2_WS/install/my_robot_description/share/my_robot_description/cmake/my_robot_descriptionConfig.cmake
[0.073s] -- Up-to-date: /home/zouxx/MyData/ROS2_Moveit2_WS/install/my_robot_description/share/my_robot_description/cmake/my_robot_descriptionConfig-version.cmake
[0.073s] -- Up-to-date: /home/zouxx/MyData/ROS2_Moveit2_WS/install/my_robot_description/share/my_robot_description/package.xml
[0.073s] Invoked command in '/home/zouxx/MyData/ROS2_Moveit2_WS/build/my_robot_description' returned '0': CMAKE_PREFIX_PATH=${CMAKE_PREFIX_PATH}:/opt/ros/jazzy DEBUGINFOD_URLS=https://debuginfod.ubuntu.com /usr/bin/cmake --install /home/zouxx/MyData/ROS2_Moveit2_WS/build/my_robot_description
