[0.011s] Invoking command in '/home/zouxx/MyData/ROS2_Moveit2_WS/build/my_robot_description': CMAKE_PREFIX_PATH=${CMAKE_PREFIX_PATH}:/opt/ros/jazzy DEBUGINFOD_URLS=https://debuginfod.ubuntu.com /usr/bin/cmake --build /home/zouxx/MyData/ROS2_Moveit2_WS/build/my_robot_description -- -j16 -l16
[0.054s] Invoked command in '/home/zouxx/MyData/ROS2_Moveit2_WS/build/my_robot_description' returned '0': CMAKE_PREFIX_PATH=${CMAKE_PREFIX_PATH}:/opt/ros/jazzy DEBUGINFOD_URLS=https://debuginfod.ubuntu.com /usr/bin/cmake --build /home/zouxx/MyData/ROS2_Moveit2_WS/build/my_robot_description -- -j16 -l16
[0.065s] Invoking command in '/home/zouxx/MyData/ROS2_Moveit2_WS/build/my_robot_description': CMAKE_PREFIX_PATH=${CMAKE_PREFIX_PATH}:/opt/ros/jazzy DEBUGINFOD_URLS=https://debuginfod.ubuntu.com /usr/bin/cmake --install /home/zouxx/MyData/ROS2_Moveit2_WS/build/my_robot_description
[0.073s] -- Install configuration: ""
[0.073s] -- Up-to-date: /home/zouxx/MyData/ROS2_Moveit2_WS/install/my_robot_description/share/my_robot_description/launch
[0.074s] -- Up-to-date: /home/zouxx/MyData/ROS2_Moveit2_WS/install/my_robot_description/share/my_robot_description/rviz
[0.074s] -- Up-to-date: /home/zouxx/MyData/ROS2_Moveit2_WS/install/my_robot_description/share/my_robot_description/urdf
[0.074s] -- Installing: /home/zouxx/MyData/ROS2_Moveit2_WS/install/my_robot_description/share/my_robot_description/urdf/arm.urdf
[0.074s] -- Up-to-date: /home/zouxx/MyData/ROS2_Moveit2_WS/install/my_robot_description/share/ament_index/resource_index/package_run_dependencies/my_robot_description
[0.074s] -- Up-to-date: /home/zouxx/MyData/ROS2_Moveit2_WS/install/my_robot_description/share/ament_index/resource_index/parent_prefix_path/my_robot_description
[0.074s] -- Up-to-date: /home/zouxx/MyData/ROS2_Moveit2_WS/install/my_robot_description/share/my_robot_description/environment/ament_prefix_path.sh
[0.075s] -- Up-to-date: /home/zouxx/MyData/ROS2_Moveit2_WS/install/my_robot_description/share/my_robot_description/environment/ament_prefix_path.dsv
[0.075s] -- Up-to-date: /home/zouxx/MyData/ROS2_Moveit2_WS/install/my_robot_description/share/my_robot_description/environment/path.sh
[0.075s] -- Up-to-date: /home/zouxx/MyData/ROS2_Moveit2_WS/install/my_robot_description/share/my_robot_description/environment/path.dsv
[0.075s] -- Up-to-date: /home/zouxx/MyData/ROS2_Moveit2_WS/install/my_robot_description/share/my_robot_description/local_setup.bash
[0.075s] -- Up-to-date: /home/zouxx/MyData/ROS2_Moveit2_WS/install/my_robot_description/share/my_robot_description/local_setup.sh
[0.075s] -- Up-to-date: /home/zouxx/MyData/ROS2_Moveit2_WS/install/my_robot_description/share/my_robot_description/local_setup.zsh
[0.075s] -- Up-to-date: /home/zouxx/MyData/ROS2_Moveit2_WS/install/my_robot_description/share/my_robot_description/local_setup.dsv
[0.075s] -- Installing: /home/zouxx/MyData/ROS2_Moveit2_WS/install/my_robot_description/share/my_robot_description/package.dsv
[0.075s] -- Up-to-date: /home/zouxx/MyData/ROS2_Moveit2_WS/install/my_robot_description/share/ament_index/resource_index/packages/my_robot_description
[0.075s] -- Up-to-date: /home/zouxx/MyData/ROS2_Moveit2_WS/install/my_robot_description/share/my_robot_description/cmake/my_robot_descriptionConfig.cmake
[0.076s] -- Up-to-date: /home/zouxx/MyData/ROS2_Moveit2_WS/install/my_robot_description/share/my_robot_description/cmake/my_robot_descriptionConfig-version.cmake
[0.076s] -- Up-to-date: /home/zouxx/MyData/ROS2_Moveit2_WS/install/my_robot_description/share/my_robot_description/package.xml
[0.077s] Invoked command in '/home/zouxx/MyData/ROS2_Moveit2_WS/build/my_robot_description' returned '0': CMAKE_PREFIX_PATH=${CMAKE_PREFIX_PATH}:/opt/ros/jazzy DEBUGINFOD_URLS=https://debuginfod.ubuntu.com /usr/bin/cmake --install /home/zouxx/MyData/ROS2_Moveit2_WS/build/my_robot_description
