-- Install configuration: ""
-- Up-to-date: /home/zouxx/MyData/ROS2_Moveit2_WS/install/my_robot_description/share/my_robot_description/launch
-- Up-to-date: /home/zouxx/MyData/ROS2_Moveit2_WS/install/my_robot_description/share/my_robot_description/rviz
-- Up-to-date: /home/zouxx/MyData/ROS2_Moveit2_WS/install/my_robot_description/share/my_robot_description/urdf
-- Installing: /home/zouxx/MyData/ROS2_Moveit2_WS/install/my_robot_description/share/my_robot_description/urdf/log
-- Installing: /home/zouxx/MyData/ROS2_Moveit2_WS/install/my_robot_description/share/my_robot_description/urdf/log/latest
-- Installing: /home/zouxx/MyData/ROS2_Moveit2_WS/install/my_robot_description/share/my_robot_description/urdf/log/COLCON_IGNORE
-- Installing: /home/zouxx/MyData/ROS2_Moveit2_WS/install/my_robot_description/share/my_robot_description/urdf/log/latest_build
-- Installing: /home/zouxx/MyData/ROS2_Moveit2_WS/install/my_robot_description/share/my_robot_description/urdf/log/build_2025-11-03_13-02-16
-- Installing: /home/zouxx/MyData/ROS2_Moveit2_WS/install/my_robot_description/share/my_robot_description/urdf/log/build_2025-11-03_13-02-16/events.log
-- Installing: /home/zouxx/MyData/ROS2_Moveit2_WS/install/my_robot_description/share/my_robot_description/urdf/log/build_2025-11-03_13-02-16/logger_all.log
-- Installing: /home/zouxx/MyData/ROS2_Moveit2_WS/install/my_robot_description/share/my_robot_description/urdf/build
-- Installing: /home/zouxx/MyData/ROS2_Moveit2_WS/install/my_robot_description/share/my_robot_description/urdf/build/COLCON_IGNORE
-- Installing: /home/zouxx/MyData/ROS2_Moveit2_WS/install/my_robot_description/share/my_robot_description/urdf/build/.built_by
-- Installing: /home/zouxx/MyData/ROS2_Moveit2_WS/install/my_robot_description/share/my_robot_description/urdf/arm.urdf
-- Installing: /home/zouxx/MyData/ROS2_Moveit2_WS/install/my_robot_description/share/my_robot_description/urdf/install
-- Installing: /home/zouxx/MyData/ROS2_Moveit2_WS/install/my_robot_description/share/my_robot_description/urdf/install/setup.zsh
-- Installing: /home/zouxx/MyData/ROS2_Moveit2_WS/install/my_robot_description/share/my_robot_description/urdf/install/_local_setup_util_ps1.py
-- Installing: /home/zouxx/MyData/ROS2_Moveit2_WS/install/my_robot_description/share/my_robot_description/urdf/install/setup.bash
-- Installing: /home/zouxx/MyData/ROS2_Moveit2_WS/install/my_robot_description/share/my_robot_description/urdf/install/COLCON_IGNORE
-- Installing: /home/zouxx/MyData/ROS2_Moveit2_WS/install/my_robot_description/share/my_robot_description/urdf/install/_local_setup_util_sh.py
-- Installing: /home/zouxx/MyData/ROS2_Moveit2_WS/install/my_robot_description/share/my_robot_description/urdf/install/setup.sh
-- Installing: /home/zouxx/MyData/ROS2_Moveit2_WS/install/my_robot_description/share/my_robot_description/urdf/install/local_setup.bash
-- Installing: /home/zouxx/MyData/ROS2_Moveit2_WS/install/my_robot_description/share/my_robot_description/urdf/install/.colcon_install_layout
-- Installing: /home/zouxx/MyData/ROS2_Moveit2_WS/install/my_robot_description/share/my_robot_description/urdf/install/setup.ps1
-- Installing: /home/zouxx/MyData/ROS2_Moveit2_WS/install/my_robot_description/share/my_robot_description/urdf/install/local_setup.ps1
-- Installing: /home/zouxx/MyData/ROS2_Moveit2_WS/install/my_robot_description/share/my_robot_description/urdf/install/local_setup.zsh
-- Installing: /home/zouxx/MyData/ROS2_Moveit2_WS/install/my_robot_description/share/my_robot_description/urdf/install/local_setup.sh
-- Up-to-date: /home/zouxx/MyData/ROS2_Moveit2_WS/install/my_robot_description/share/ament_index/resource_index/package_run_dependencies/my_robot_description
-- Up-to-date: /home/zouxx/MyData/ROS2_Moveit2_WS/install/my_robot_description/share/ament_index/resource_index/parent_prefix_path/my_robot_description
-- Up-to-date: /home/zouxx/MyData/ROS2_Moveit2_WS/install/my_robot_description/share/my_robot_description/environment/ament_prefix_path.sh
-- Up-to-date: /home/zouxx/MyData/ROS2_Moveit2_WS/install/my_robot_description/share/my_robot_description/environment/ament_prefix_path.dsv
-- Up-to-date: /home/zouxx/MyData/ROS2_Moveit2_WS/install/my_robot_description/share/my_robot_description/environment/path.sh
-- Up-to-date: /home/zouxx/MyData/ROS2_Moveit2_WS/install/my_robot_description/share/my_robot_description/environment/path.dsv
-- Up-to-date: /home/zouxx/MyData/ROS2_Moveit2_WS/install/my_robot_description/share/my_robot_description/local_setup.bash
-- Up-to-date: /home/zouxx/MyData/ROS2_Moveit2_WS/install/my_robot_description/share/my_robot_description/local_setup.sh
-- Up-to-date: /home/zouxx/MyData/ROS2_Moveit2_WS/install/my_robot_description/share/my_robot_description/local_setup.zsh
-- Up-to-date: /home/zouxx/MyData/ROS2_Moveit2_WS/install/my_robot_description/share/my_robot_description/local_setup.dsv
-- Installing: /home/zouxx/MyData/ROS2_Moveit2_WS/install/my_robot_description/share/my_robot_description/package.dsv
-- Up-to-date: /home/zouxx/MyData/ROS2_Moveit2_WS/install/my_robot_description/share/ament_index/resource_index/packages/my_robot_description
-- Up-to-date: /home/zouxx/MyData/ROS2_Moveit2_WS/install/my_robot_description/share/my_robot_description/cmake/my_robot_descriptionConfig.cmake
-- Up-to-date: /home/zouxx/MyData/ROS2_Moveit2_WS/install/my_robot_description/share/my_robot_description/cmake/my_robot_descriptionConfig-version.cmake
-- Up-to-date: /home/zouxx/MyData/ROS2_Moveit2_WS/install/my_robot_description/share/my_robot_description/package.xml
