[0.018s] Invoking command in '/home/zouxx/MyData/ROS2_Moveit2_WS/build/my_robot_description': CMAKE_PREFIX_PATH=${CMAKE_PREFIX_PATH}:/opt/ros/jazzy DEBUGINFOD_URLS=https://debuginfod.ubuntu.com /usr/bin/cmake /home/zouxx/MyData/ROS2_Moveit2_WS/src/my_robot_description -DCMAKE_INSTALL_PREFIX=/home/zouxx/MyData/ROS2_Moveit2_WS/install/my_robot_description
[0.117s] -- The C compiler identification is GNU 13.3.0
[0.198s] -- The CXX compiler identification is GNU 13.3.0
[0.220s] -- Detecting C compiler ABI info
[0.319s] -- Detecting C compiler ABI info - done
[0.328s] -- Check for working C compiler: /usr/bin/cc - skipped
[0.328s] -- Detecting C compile features
[0.328s] -- Detecting C compile features - done
[0.340s] -- Detecting CXX compiler ABI info
[0.455s] -- Detecting CXX compiler ABI info - done
[0.464s] -- Check for working CXX compiler: /usr/bin/c++ - skipped
[0.464s] -- Detecting CXX compile features
[0.465s] -- Detecting CXX compile features - done
[0.477s] -- Found ament_cmake: 2.5.4 (/opt/ros/jazzy/share/ament_cmake/cmake)
[0.630s] -- Found Python3: /usr/bin/python3 (found version "3.12.3") found components: Interpreter 
[0.858s] -- Configuring done (0.8s)
[0.861s] -- Generating done (0.0s)
[0.864s] -- Build files have been written to: /home/zouxx/MyData/ROS2_Moveit2_WS/build/my_robot_description
[0.870s] Invoked command in '/home/zouxx/MyData/ROS2_Moveit2_WS/build/my_robot_description' returned '0': CMAKE_PREFIX_PATH=${CMAKE_PREFIX_PATH}:/opt/ros/jazzy DEBUGINFOD_URLS=https://debuginfod.ubuntu.com /usr/bin/cmake /home/zouxx/MyData/ROS2_Moveit2_WS/src/my_robot_description -DCMAKE_INSTALL_PREFIX=/home/zouxx/MyData/ROS2_Moveit2_WS/install/my_robot_description
[0.871s] Invoking command in '/home/zouxx/MyData/ROS2_Moveit2_WS/build/my_robot_description': CMAKE_PREFIX_PATH=${CMAKE_PREFIX_PATH}:/opt/ros/jazzy DEBUGINFOD_URLS=https://debuginfod.ubuntu.com /usr/bin/cmake --build /home/zouxx/MyData/ROS2_Moveit2_WS/build/my_robot_description -- -j16 -l16
[0.918s] Invoked command in '/home/zouxx/MyData/ROS2_Moveit2_WS/build/my_robot_description' returned '0': CMAKE_PREFIX_PATH=${CMAKE_PREFIX_PATH}:/opt/ros/jazzy DEBUGINFOD_URLS=https://debuginfod.ubuntu.com /usr/bin/cmake --build /home/zouxx/MyData/ROS2_Moveit2_WS/build/my_robot_description -- -j16 -l16
[0.930s] Invoking command in '/home/zouxx/MyData/ROS2_Moveit2_WS/build/my_robot_description': CMAKE_PREFIX_PATH=${CMAKE_PREFIX_PATH}:/opt/ros/jazzy DEBUGINFOD_URLS=https://debuginfod.ubuntu.com /usr/bin/cmake --install /home/zouxx/MyData/ROS2_Moveit2_WS/build/my_robot_description
[0.940s] -- Install configuration: ""
[0.940s] [31mCMake Error at cmake_install.cmake:46 (file):
[0.940s]   file INSTALL cannot find
[0.940s]   "/home/zouxx/MyData/ROS2_Moveit2_WS/src/my_robot_description/config": No
[0.940s]   such file or directory.
[0.940s] 
[0.940s] [0m
[0.941s] Invoked command in '/home/zouxx/MyData/ROS2_Moveit2_WS/build/my_robot_description' returned '1': CMAKE_PREFIX_PATH=${CMAKE_PREFIX_PATH}:/opt/ros/jazzy DEBUGINFOD_URLS=https://debuginfod.ubuntu.com /usr/bin/cmake --install /home/zouxx/MyData/ROS2_Moveit2_WS/build/my_robot_description
